# Logfile created on 2019-02-21 02:34:37 +0000 by logger.rb/54362
I, [2019-02-21T02:34:37.643333 #1091]  INFO -- : 0:  rake (12.3.2) from /usr/local/rvm/gems/ruby-2.3.1/specifications/rake-12.3.2.gemspec
I, [2019-02-21T02:34:37.643748 #1091]  INFO -- : 0:  concurrent-ruby (1.1.4) from /usr/local/rvm/gems/ruby-2.3.1/specifications/concurrent-ruby-1.1.4.gemspec
I, [2019-02-21T02:34:37.644177 #1091]  INFO -- : 0:  i18n (0.9.5) from /usr/local/rvm/gems/ruby-2.3.1/specifications/i18n-0.9.5.gemspec
I, [2019-02-21T02:34:37.725790 #1091]  INFO -- : 0:  minitest (5.11.3) from /usr/local/rvm/gems/ruby-2.3.1/specifications/minitest-5.11.3.gemspec
I, [2019-02-21T02:34:37.726263 #1091]  INFO -- : 0:  thread_safe (0.3.6) from /usr/local/rvm/gems/ruby-2.3.1/specifications/thread_safe-0.3.6.gemspec
I, [2019-02-21T02:34:37.726629 #1091]  INFO -- : 0:  tzinfo (1.2.5) from /usr/local/rvm/gems/ruby-2.3.1/specifications/tzinfo-1.2.5.gemspec
I, [2019-02-21T02:34:38.177688 #1091]  INFO -- : 0:  activesupport (4.2.11) from /usr/local/rvm/gems/ruby-2.3.1/specifications/activesupport-4.2.11.gemspec
I, [2019-02-21T02:34:38.178153 #1091]  INFO -- : 0:  builder (3.2.3) from /usr/local/rvm/gems/ruby-2.3.1/specifications/builder-3.2.3.gemspec
I, [2019-02-21T02:34:38.178482 #1091]  INFO -- : 0:  erubis (2.7.0) from /usr/local/rvm/gems/ruby-2.3.1/specifications/erubis-2.7.0.gemspec
I, [2019-02-21T02:34:38.178921 #1091]  INFO -- : 0:  mini_portile2 (2.4.0) from /usr/local/rvm/gems/ruby-2.3.1/specifications/mini_portile2-2.4.0.gemspec
I, [2019-02-21T02:34:38.179354 #1091]  INFO -- : 0:  nokogiri (1.10.1) from /usr/local/rvm/gems/ruby-2.3.1/specifications/nokogiri-1.10.1.gemspec
I, [2019-02-21T02:34:38.179740 #1091]  INFO -- : 0:  rails-deprecated_sanitizer (1.0.3) from /usr/local/rvm/gems/ruby-2.3.1/specifications/rails-deprecated_sanitizer-1.0.3.gemspec
I, [2019-02-21T02:34:38.180155 #1091]  INFO -- : 0:  rails-dom-testing (1.0.9) from /usr/local/rvm/gems/ruby-2.3.1/specifications/rails-dom-testing-1.0.9.gemspec
I, [2019-02-21T02:34:38.180556 #1091]  INFO -- : 0:  crass (1.0.4) from /usr/local/rvm/gems/ruby-2.3.1/specifications/crass-1.0.4.gemspec
I, [2019-02-21T02:34:38.180951 #1091]  INFO -- : 0:  loofah (2.2.3) from /usr/local/rvm/gems/ruby-2.3.1/specifications/loofah-2.2.3.gemspec
I, [2019-02-21T02:34:38.181357 #1091]  INFO -- : 0:  rails-html-sanitizer (1.0.4) from /usr/local/rvm/gems/ruby-2.3.1/specifications/rails-html-sanitizer-1.0.4.gemspec
I, [2019-02-21T02:34:38.408533 #1091]  INFO -- : 0:  actionview (4.2.11) from /usr/local/rvm/gems/ruby-2.3.1/specifications/actionview-4.2.11.gemspec
I, [2019-02-21T02:34:38.409043 #1091]  INFO -- : 0:  rack (1.6.11) from /usr/local/rvm/gems/ruby-2.3.1/specifications/rack-1.6.11.gemspec
I, [2019-02-21T02:34:38.409504 #1091]  INFO -- : 0:  rack-test (0.6.3) from /usr/local/rvm/gems/ruby-2.3.1/specifications/rack-test-0.6.3.gemspec
I, [2019-02-21T02:34:38.695992 #1091]  INFO -- : 0:  actionpack (4.2.11) from /usr/local/rvm/gems/ruby-2.3.1/specifications/actionpack-4.2.11.gemspec
I, [2019-02-21T02:34:38.696805 #1091]  INFO -- : 0:  globalid (0.4.2) from /usr/local/rvm/gems/ruby-2.3.1/specifications/globalid-0.4.2.gemspec
I, [2019-02-21T02:34:38.784519 #1091]  INFO -- : 0:  activejob (4.2.11) from /usr/local/rvm/gems/ruby-2.3.1/specifications/activejob-4.2.11.gemspec
I, [2019-02-21T02:34:38.785273 #1091]  INFO -- : 0:  mini_mime (1.0.1) from /usr/local/rvm/gems/ruby-2.3.1/specifications/mini_mime-1.0.1.gemspec
I, [2019-02-21T02:34:38.786023 #1091]  INFO -- : 0:  mail (2.7.1) from /usr/local/rvm/gems/ruby-2.3.1/specifications/mail-2.7.1.gemspec
I, [2019-02-21T02:34:38.853647 #1091]  INFO -- : 0:  actionmailer (4.2.11) from /usr/local/rvm/gems/ruby-2.3.1/specifications/actionmailer-4.2.11.gemspec
I, [2019-02-21T02:34:38.949301 #1091]  INFO -- : 0:  activemodel (4.2.11) from /usr/local/rvm/gems/ruby-2.3.1/specifications/activemodel-4.2.11.gemspec
I, [2019-02-21T02:34:38.950232 #1091]  INFO -- : 0:  arel (6.0.4) from /usr/local/rvm/gems/ruby-2.3.1/specifications/arel-6.0.4.gemspec
I, [2019-02-21T02:34:39.394211 #1091]  INFO -- : 0:  activerecord (4.2.11) from /usr/local/rvm/gems/ruby-2.3.1/specifications/activerecord-4.2.11.gemspec
I, [2019-02-21T02:34:39.394911 #1091]  INFO -- : 0:  public_suffix (3.0.3) from /usr/local/rvm/gems/ruby-2.3.1/specifications/public_suffix-3.0.3.gemspec
I, [2019-02-21T02:34:39.395513 #1091]  INFO -- : 0:  addressable (2.6.0) from /usr/local/rvm/gems/ruby-2.3.1/specifications/addressable-2.6.0.gemspec
I, [2019-02-21T02:34:39.395934 #1091]  INFO -- : 0:  bundler (1.5.0) from /usr/local/rvm/gems/ruby-2.3.1/specifications/bundler-1.5.0.gemspec
I, [2019-02-21T02:34:39.396571 #1091]  INFO -- : 0:  byebug (11.0.0) from /usr/local/rvm/gems/ruby-2.3.1/specifications/byebug-11.0.0.gemspec
I, [2019-02-21T02:34:39.397134 #1091]  INFO -- : 0:  regexp_parser (1.3.0) from /usr/local/rvm/gems/ruby-2.3.1/specifications/regexp_parser-1.3.0.gemspec
I, [2019-02-21T02:34:39.397665 #1091]  INFO -- : 0:  xpath (3.2.0) from /usr/local/rvm/gems/ruby-2.3.1/specifications/xpath-3.2.0.gemspec
I, [2019-02-21T02:34:39.398210 #1091]  INFO -- : 0:  capybara (3.13.2) from /usr/local/rvm/gems/ruby-2.3.1/specifications/capybara-3.13.2.gemspec
I, [2019-02-21T02:34:39.398755 #1091]  INFO -- : 0:  coffee-script-source (1.12.2) from /usr/local/rvm/gems/ruby-2.3.1/specifications/coffee-script-source-1.12.2.gemspec
I, [2019-02-21T02:34:39.399260 #1091]  INFO -- : 0:  execjs (2.7.0) from /usr/local/rvm/gems/ruby-2.3.1/specifications/execjs-2.7.0.gemspec
I, [2019-02-21T02:34:39.399688 #1091]  INFO -- : 0:  coffee-script (2.4.1) from /usr/local/rvm/gems/ruby-2.3.1/specifications/coffee-script-2.4.1.gemspec
I, [2019-02-21T02:34:39.400029 #1091]  INFO -- : 0:  thor (0.20.3) from /usr/local/rvm/gems/ruby-2.3.1/specifications/thor-0.20.3.gemspec
I, [2019-02-21T02:34:39.941669 #1091]  INFO -- : 0:  railties (4.2.11) from /usr/local/rvm/gems/ruby-2.3.1/specifications/railties-4.2.11.gemspec
I, [2019-02-21T02:34:39.942394 #1091]  INFO -- : 0:  coffee-rails (4.1.1) from /usr/local/rvm/gems/ruby-2.3.1/specifications/coffee-rails-4.1.1.gemspec
I, [2019-02-21T02:34:39.942934 #1091]  INFO -- : 0:  database_cleaner (1.7.0) from /usr/local/rvm/gems/ruby-2.3.1/specifications/database_cleaner-1.7.0.gemspec
I, [2019-02-21T02:34:39.943419 #1091]  INFO -- : 0:  diff-lcs (1.3) from /usr/local/rvm/gems/ruby-2.3.1/specifications/diff-lcs-1.3.gemspec
I, [2019-02-21T02:34:40.086892 #1091]  INFO -- : 0:  factory_bot (4.8.2) from /usr/local/rvm/gems/ruby-2.3.1/specifications/factory_bot-4.8.2.gemspec
I, [2019-02-21T02:34:40.308152 #1091]  INFO -- : 0:  factory_bot_rails (4.8.2) from /usr/local/rvm/gems/ruby-2.3.1/specifications/factory_bot_rails-4.8.2.gemspec
I, [2019-02-21T02:34:40.308871 #1091]  INFO -- : 0:  ffi (1.10.0) from /usr/local/rvm/gems/ruby-2.3.1/specifications/ffi-1.10.0.gemspec
I, [2019-02-21T02:34:40.309418 #1091]  INFO -- : 0:  multi_json (1.13.1) from /usr/local/rvm/gems/ruby-2.3.1/specifications/multi_json-1.13.1.gemspec
I, [2019-02-21T02:34:40.309953 #1091]  INFO -- : 0:  jbuilder (2.8.0) from /usr/local/rvm/gems/ruby-2.3.1/specifications/jbuilder-2.8.0.gemspec
I, [2019-02-21T02:34:40.310465 #1091]  INFO -- : 0:  jquery-rails (4.3.3) from /usr/local/rvm/gems/ruby-2.3.1/specifications/jquery-rails-4.3.3.gemspec
I, [2019-02-21T02:34:40.310948 #1091]  INFO -- : 0:  json (1.8.6) from /usr/local/rvm/gems/ruby-2.3.1/specifications/json-1.8.6.gemspec
I, [2019-02-21T02:34:40.311444 #1091]  INFO -- : 0:  sprockets (3.7.2) from /usr/local/rvm/gems/ruby-2.3.1/specifications/sprockets-3.7.2.gemspec
I, [2019-02-21T02:34:40.311912 #1091]  INFO -- : 0:  sprockets-rails (3.2.1) from /usr/local/rvm/gems/ruby-2.3.1/specifications/sprockets-rails-3.2.1.gemspec
I, [2019-02-21T02:34:40.886162 #1091]  INFO -- : 0:  rails (4.2.11) from /usr/local/rvm/gems/ruby-2.3.1/specifications/rails-4.2.11.gemspec
I, [2019-02-21T02:34:40.887114 #1091]  INFO -- : 0:  rb-fsevent (0.10.3) from /usr/local/rvm/gems/ruby-2.3.1/specifications/rb-fsevent-0.10.3.gemspec
I, [2019-02-21T02:34:40.887858 #1091]  INFO -- : 0:  rb-inotify (0.10.0) from /usr/local/rvm/gems/ruby-2.3.1/specifications/rb-inotify-0.10.0.gemspec
I, [2019-02-21T02:34:41.508211 #1091]  INFO -- : 0:  rdoc (4.3.0) from /usr/local/rvm/gems/ruby-2.3.1/specifications/rdoc-4.3.0.gemspec
I, [2019-02-21T02:34:41.508918 #1091]  INFO -- : 0:  rspec-support (3.8.0) from /usr/local/rvm/gems/ruby-2.3.1/specifications/rspec-support-3.8.0.gemspec
I, [2019-02-21T02:34:41.509436 #1091]  INFO -- : 0:  rspec-core (3.8.0) from /usr/local/rvm/gems/ruby-2.3.1/specifications/rspec-core-3.8.0.gemspec
I, [2019-02-21T02:34:41.509896 #1091]  INFO -- : 0:  rspec-expectations (3.8.2) from /usr/local/rvm/gems/ruby-2.3.1/specifications/rspec-expectations-3.8.2.gemspec
I, [2019-02-21T02:34:41.510383 #1091]  INFO -- : 0:  rspec-mocks (3.8.0) from /usr/local/rvm/gems/ruby-2.3.1/specifications/rspec-mocks-3.8.0.gemspec
I, [2019-02-21T02:34:41.510827 #1091]  INFO -- : 0:  rspec-rails (3.8.2) from /usr/local/rvm/gems/ruby-2.3.1/specifications/rspec-rails-3.8.2.gemspec
I, [2019-02-21T02:34:41.511276 #1091]  INFO -- : 0:  sass-listen (4.0.0) from /usr/local/rvm/gems/ruby-2.3.1/specifications/sass-listen-4.0.0.gemspec
I, [2019-02-21T02:34:41.511757 #1091]  INFO -- : 0:  sass (3.7.3) from /usr/local/rvm/gems/ruby-2.3.1/specifications/sass-3.7.3.gemspec
I, [2019-02-21T02:34:41.512182 #1091]  INFO -- : 0:  tilt (2.0.9) from /usr/local/rvm/gems/ruby-2.3.1/specifications/tilt-2.0.9.gemspec
I, [2019-02-21T02:34:41.512614 #1091]  INFO -- : 0:  sass-rails (5.0.7) from /usr/local/rvm/gems/ruby-2.3.1/specifications/sass-rails-5.0.7.gemspec
I, [2019-02-21T02:34:41.513033 #1091]  INFO -- : 0:  sdoc (0.4.2) from /usr/local/rvm/gems/ruby-2.3.1/specifications/sdoc-0.4.2.gemspec
I, [2019-02-21T02:34:41.513397 #1091]  INFO -- : 0:  spring (2.0.2) from /usr/local/rvm/gems/ruby-2.3.1/specifications/spring-2.0.2.gemspec
I, [2019-02-21T02:34:41.513770 #1091]  INFO -- : 0:  sqlite3 (1.3.13) from /usr/local/rvm/gems/ruby-2.3.1/specifications/sqlite3-1.3.13.gemspec
I, [2019-02-21T02:34:41.514087 #1091]  INFO -- : 0:  turbolinks-source (5.2.0) from /usr/local/rvm/gems/ruby-2.3.1/specifications/turbolinks-source-5.2.0.gemspec
I, [2019-02-21T02:34:41.514440 #1091]  INFO -- : 0:  turbolinks (5.2.0) from /usr/local/rvm/gems/ruby-2.3.1/specifications/turbolinks-5.2.0.gemspec
I, [2019-02-21T02:34:41.514767 #1091]  INFO -- : 0:  uglifier (4.1.20) from /usr/local/rvm/gems/ruby-2.3.1/specifications/uglifier-4.1.20.gemspec
